<?xml version="1.0" encoding="UTF-8"?>
<testng-results ignored="0" total="1" passed="1" failed="0" skipped="0">
  <reporter-output>
    <line>
      <![CDATA[PASS]]>
    </line>
  </reporter-output>
  <suite started-at="2023-07-17T20:53:28 IST" name="Default suite" finished-at="2023-07-17T20:53:28 IST" duration-ms="98">
    <groups>
    </groups>
    <test started-at="2023-07-17T20:53:28 IST" name="Default test" finished-at="2023-07-17T20:53:28 IST" duration-ms="98">
      <class name="practice.PracticeAssertion">
        <test-method signature="test()[pri:0, instance:practice.PracticeAssertion@57d7f8ca]" started-at="2023-07-17T20:53:28 IST" name="test" finished-at="2023-07-17T20:53:28 IST" duration-ms="18" status="PASS">
          <reporter-output>
            <line>
              <![CDATA[PASS]]>
            </line>
          </reporter-output>
        </test-method> <!-- test -->
      </class> <!-- practice.PracticeAssertion -->
    </test> <!-- Default test -->
  </suite> <!-- Default suite -->
</testng-results>
